<?xml version="1.0" encoding="UTF-8"?>
<testng-results ignored="0" total="1" passed="1" failed="0" skipped="0">
  <reporter-output>
  </reporter-output>
  <suite started-at="2021-01-29T09:01:04Z" name="Default suite" finished-at="2021-01-29T09:01:11Z" duration-ms="6920">
    <groups>
    </groups>
    <test started-at="2021-01-29T09:01:04Z" name="Default test" finished-at="2021-01-29T09:01:11Z" duration-ms="6920">
      <class name="com.uiFramework.A">
        <test-method is-config="true" signature="beforeSuite()[pri:0, instance:com.uiFramework.A@5505ae1a]" started-at="2021-01-29T14:31:04Z" name="beforeSuite" finished-at="2021-01-29T14:31:04Z" duration-ms="143" status="PASS">
          <reporter-output>
          </reporter-output>
        </test-method> <!-- beforeSuite -->
        <test-method is-config="true" signature="beforeTest()[pri:0, instance:com.uiFramework.A@5505ae1a]" started-at="2021-01-29T14:31:04Z" name="beforeTest" finished-at="2021-01-29T14:31:10Z" duration-ms="6317" status="PASS">
          <reporter-output>
          </reporter-output>
        </test-method> <!-- beforeTest -->
        <test-method is-config="true" signature="beforeMethod(java.lang.reflect.Method)[pri:0, instance:com.uiFramework.A@5505ae1a]" started-at="2021-01-29T14:31:10Z" name="beforeMethod" finished-at="2021-01-29T14:31:10Z" duration-ms="5" status="PASS">
          <params>
            <param index="0">
              <value>
                <![CDATA[public void com.uiFramework.A.testLoginA()]]>
              </value>
            </param>
          </params>
          <reporter-output>
          </reporter-output>
        </test-method> <!-- beforeMethod -->
        <test-method signature="testLoginA()[pri:0, instance:com.uiFramework.A@5505ae1a]" started-at="2021-01-29T14:31:10Z" name="testLoginA" finished-at="2021-01-29T14:31:10Z" duration-ms="8" status="PASS">
          <reporter-output>
          </reporter-output>
        </test-method> <!-- testLoginA -->
        <test-method is-config="true" signature="afterMethod(org.testng.ITestResult)[pri:0, instance:com.uiFramework.A@5505ae1a]" started-at="2021-01-29T14:31:10Z" name="afterMethod" finished-at="2021-01-29T14:31:11Z" duration-ms="506" status="PASS">
          <params>
            <param index="0">
              <value>
                <![CDATA[[TestResult name=testLoginA status=SUCCESS method=A.testLoginA()[pri:0, instance:com.uiFramework.A@5505ae1a] output={null}]]]>
              </value>
            </param>
          </params>
          <reporter-output>
          </reporter-output>
        </test-method> <!-- afterMethod -->
        <test-method is-config="true" signature="afterTest()[pri:0, instance:com.uiFramework.A@5505ae1a]" started-at="2021-01-29T14:31:11Z" name="afterTest" finished-at="2021-01-29T14:31:11Z" duration-ms="71" status="PASS">
          <reporter-output>
          </reporter-output>
        </test-method> <!-- afterTest -->
      </class> <!-- com.uiFramework.A -->
    </test> <!-- Default test -->
  </suite> <!-- Default suite -->
</testng-results>
